0 info it worked if it ends with ok
1 verbose cli [ '/home/fmatuszewski/.nvm/versions/node/v5.12.0/bin/node',
1 verbose cli   '/home/fmatuszewski/.nvm/versions/node/v5.12.0/bin/npm',
1 verbose cli   'start' ]
2 info using npm@3.10.5
3 info using node@v5.12.0
4 verbose run-script [ 'prestart', 'start', 'poststart' ]
5 info lifecycle www@1.0.0~prestart: www@1.0.0
6 silly lifecycle www@1.0.0~prestart: no script for prestart, continuing
7 info lifecycle www@1.0.0~start: www@1.0.0
8 verbose lifecycle www@1.0.0~start: unsafe-perm in lifecycle true
9 verbose lifecycle www@1.0.0~start: PATH: /home/fmatuszewski/.nvm/versions/node/v5.12.0/lib/node_modules/npm/bin/node-gyp-bin:/home/fmatuszewski/Projects/zubi-microservices-2/g_mobile_admin_angular_material/mobile_admin/node_modules/.bin:/home/fmatuszewski/.nvm/versions/node/v5.12.0/bin:/home/fmatuszewski/.nvm/versions/node/v5.12.0/bin:/home/fmatuszewski/google-cloud-sdk/bin:/home/fmatuszewski/google-cloud-sdk/bin:/home/fmatuszewski/.sdkman/candidates/gradle/current/bin:/home/fmatuszewski/.rvm/gems/ruby-2.2.1/bin:/home/fmatuszewski/.rvm/gems/ruby-2.2.1@global/bin:/home/fmatuszewski/.rvm/rubies/ruby-2.2.1/bin:/usr/local/sbin:/usr/local/bin:/usr/sbin:/usr/bin:/sbin:/bin:/usr/games:/usr/local/games:$SPRING_HOME/bin:/home/fmatuszewski/.rvm/bin:/home/fmatuszewski/Android/Sdk//platform-tools:/home/fmatuszewski/Android/Sdk//tools:/home/fmatuszewski/.rvm/bin:/home/fmatuszewski/.rvm/bin:/home/fmatuszewski/Android/Sdk//platform-tools:/home/fmatuszewski/Android/Sdk//tools:/home/fmatuszewski/.rvm/bin
10 verbose lifecycle www@1.0.0~start: CWD: /home/fmatuszewski/Projects/zubi-microservices-2/g_mobile_admin_angular_material/mobile_admin
11 silly lifecycle www@1.0.0~start: Args: [ '-c',
11 silly lifecycle   'webpack-dev-server --watch --content-base www/ --port 3333' ]
12 silly lifecycle www@1.0.0~start: Returned: code: 1  signal: null
13 info lifecycle www@1.0.0~start: Failed to exec start script
14 verbose stack Error: www@1.0.0 start: `webpack-dev-server --watch --content-base www/ --port 3333`
14 verbose stack Exit status 1
14 verbose stack     at EventEmitter.<anonymous> (/home/fmatuszewski/.nvm/versions/node/v5.12.0/lib/node_modules/npm/lib/utils/lifecycle.js:242:16)
14 verbose stack     at emitTwo (events.js:100:13)
14 verbose stack     at EventEmitter.emit (events.js:185:7)
14 verbose stack     at ChildProcess.<anonymous> (/home/fmatuszewski/.nvm/versions/node/v5.12.0/lib/node_modules/npm/lib/utils/spawn.js:40:14)
14 verbose stack     at emitTwo (events.js:100:13)
14 verbose stack     at ChildProcess.emit (events.js:185:7)
14 verbose stack     at maybeClose (internal/child_process.js:850:16)
14 verbose stack     at Process.ChildProcess._handle.onexit (internal/child_process.js:215:5)
15 verbose pkgid www@1.0.0
16 verbose cwd /home/fmatuszewski/Projects/zubi-microservices-2/g_mobile_admin_angular_material/mobile_admin
17 error Linux 3.16.0-51-generic
18 error argv "/home/fmatuszewski/.nvm/versions/node/v5.12.0/bin/node" "/home/fmatuszewski/.nvm/versions/node/v5.12.0/bin/npm" "start"
19 error node v5.12.0
20 error npm  v3.10.5
21 error code ELIFECYCLE
22 error www@1.0.0 start: `webpack-dev-server --watch --content-base www/ --port 3333`
22 error Exit status 1
23 error Failed at the www@1.0.0 start script 'webpack-dev-server --watch --content-base www/ --port 3333'.
23 error Make sure you have the latest version of node.js and npm installed.
23 error If you do, this is most likely a problem with the www package,
23 error not with npm itself.
23 error Tell the author that this fails on your system:
23 error     webpack-dev-server --watch --content-base www/ --port 3333
23 error You can get information on how to open an issue for this project with:
23 error     npm bugs www
23 error Or if that isn't available, you can get their info via:
23 error     npm owner ls www
23 error There is likely additional logging output above.
24 verbose exit [ 1, true ]
